2024-07-27 16:44:02.049093+00:00 - Script started and notification sent
2024-07-27 16:44:02.145080+00:00 - VS Code running: True
2024-07-27 16:44:02.147080+00:00 - VS Code opened at 2024-07-27 16:44:02.147080+00:00
2024-07-27 16:45:02.155018+00:00 - VS Code running: True
2024-07-27 16:46:02.163783+00:00 - VS Code running: True
2024-07-27 16:47:04.593267+00:00 - Script started and notification sent
2024-07-27 16:47:05.120952+00:00 - VS Code running: True
2024-07-27 16:47:05.122951+00:00 - VS Code opened at 2024-07-27 16:47:05.122951+00:00
2024-07-27 16:47:10.130789+00:00 - VS Code running: True
2024-07-27 16:47:15.140071+00:00 - VS Code running: True
2024-07-27 16:47:20.148442+00:00 - VS Code running: True
2024-07-27 16:47:25.156661+00:00 - VS Code running: True
2024-07-27 16:47:30.164692+00:00 - VS Code running: True
2024-07-27 16:47:35.173171+00:00 - VS Code running: True
2024-07-27 16:47:40.181703+00:00 - VS Code running: True
2024-07-27 16:47:45.189337+00:00 - VS Code running: True
2024-07-27 16:47:50.198460+00:00 - VS Code running: True
2024-07-27 16:47:55.206143+00:00 - VS Code running: True
2024-07-27 16:48:00.213598+00:00 - VS Code running: True
2024-07-27 16:48:05.222214+00:00 - VS Code running: True
2024-07-27 16:48:10.229837+00:00 - VS Code running: True
2024-07-27 16:48:15.238529+00:00 - VS Code running: True
2024-07-27 16:48:20.243241+00:00 - VS Code running: True
2024-07-27 16:48:25.251628+00:00 - VS Code running: True
2024-07-27 16:48:30.259511+00:00 - VS Code running: True
2024-07-27 16:48:57.080027+00:00 - Script started and notification sent
2024-07-27 16:48:57.916832+00:00 - VS Code running: False
2024-07-27 16:49:02.926759+00:00 - VS Code running: False
2024-07-27 16:49:07.934560+00:00 - VS Code running: False
2024-07-27 16:49:12.943132+00:00 - VS Code running: False
2024-07-27 16:49:17.950589+00:00 - VS Code running: False
2024-07-27 16:49:22.960372+00:00 - VS Code running: False
2024-07-27 16:49:27.969233+00:00 - VS Code running: False
2024-07-27 16:49:34.364432+00:00 - Script started and notification sent
2024-07-27 16:49:35.085490+00:00 - VS Code running: False
2024-07-27 16:49:40.094195+00:00 - VS Code running: False
2024-07-27 16:49:45.102201+00:00 - VS Code running: False
2024-07-27 16:49:50.110004+00:00 - VS Code running: False
2024-07-27 16:49:55.123712+00:00 - VS Code running: False
2024-07-27 16:50:00.132010+00:00 - VS Code running: False
2024-07-27 16:50:05.151149+00:00 - VS Code running: False
2024-07-27 16:50:10.159948+00:00 - VS Code running: False
2024-07-27 16:50:18.794033+00:00 - Script started and notification sent
2024-07-27 16:50:19.143580+00:00 - VS Code running: True
2024-07-27 16:50:19.145581+00:00 - VS Code opened at 2024-07-27 16:50:19.145581+00:00
2024-07-27 16:50:24.153553+00:00 - VS Code running: True
2024-07-27 16:50:29.161042+00:00 - VS Code running: True
2024-07-27 16:50:48.724390+00:00 - Script started and notification sent
2024-07-27 16:50:49.503670+00:00 - VS Code running: False
2024-07-27 16:50:54.512226+00:00 - VS Code running: False
2024-07-27 16:50:59.520197+00:00 - VS Code running: False
2024-07-27 16:51:04.587175+00:00 - VS Code running: True
2024-07-27 16:51:04.589688+00:00 - VS Code opened at 2024-07-27 16:51:04.589688+00:00
2024-07-27 16:51:09.596512+00:00 - VS Code running: True
2024-07-27 16:51:14.604694+00:00 - VS Code running: True
2024-07-27 16:51:19.613032+00:00 - VS Code running: True
2024-07-27 16:51:24.620482+00:00 - VS Code running: True
2024-07-27 16:51:29.636085+00:00 - VS Code running: False
2024-07-27 16:51:29.637087+00:00 - VS Code closed at 2024-07-27 16:51:29.637087+00:00
2024-07-27 16:51:30.849862+00:00 - Event created: https://www.google.com/calendar/event?eid=MG01bHBsZzRkajg3cDlqZ3V1N3U5YWg1anMgZ3VtZWt0dkBt
2024-07-27 16:51:35.859063+00:00 - VS Code running: False
2024-07-27 16:51:40.868104+00:00 - VS Code running: False
2024-07-27 16:51:45.876492+00:00 - VS Code running: False
2024-07-27 16:51:50.885574+00:00 - VS Code running: False
2024-07-27 16:57:04.110712+00:00 - Script started and notification sent
2024-07-27 16:57:04.754485+00:00 - VS Code running: True
2024-07-27 16:57:04.756484+00:00 - VS Code opened at 2024-07-27 16:57:04.756484+00:00
2024-07-27 16:57:15.091377+00:00 - VS Code running: False
2024-07-27 16:57:15.093374+00:00 - VS Code closed at 2024-07-27 16:57:15.093374+00:00
2024-07-27 16:57:16.022373+00:00 - Event created: https://www.google.com/calendar/event?eid=cWg0dnM3dGlydHBsamlxNXRoMTZzaGJubmsgZ3VtZWt0dkBt
2024-07-27 16:57:26.031932+00:00 - VS Code running: False
2024-07-27 16:57:36.040164+00:00 - VS Code running: False
2024-07-27 16:57:46.049294+00:00 - VS Code running: False
2024-07-27 16:57:56.058167+00:00 - VS Code running: False
2024-07-27 16:58:06.065850+00:00 - VS Code running: False
2024-07-27 16:58:16.074402+00:00 - VS Code running: False
2024-07-27 16:58:26.082623+00:00 - VS Code running: False
2024-07-27 16:58:36.091060+00:00 - VS Code running: False
2024-07-27 16:58:46.099024+00:00 - VS Code running: False
2024-07-27 16:58:56.108678+00:00 - VS Code running: False
2024-07-27 16:59:16.715215+00:00 - Script started and notification sent
2024-07-27 16:59:17.669017+00:00 - VS Code running: False
2024-07-27 16:59:27.680027+00:00 - VS Code running: True
2024-07-27 16:59:27.683028+00:00 - VS Code opened at 2024-07-27 16:59:27.682029+00:00
2024-07-27 16:59:37.689347+00:00 - VS Code running: True
2024-07-27 16:59:47.697283+00:00 - VS Code running: True
2024-07-27 16:59:57.705471+00:00 - VS Code running: True
2024-07-27 17:00:07.712112+00:00 - VS Code running: True
2024-07-27 17:00:17.720674+00:00 - VS Code running: True
2024-07-27 17:00:27.728945+00:00 - VS Code running: True
2024-07-27 17:00:37.736566+00:00 - VS Code running: True
2024-07-27 17:00:47.742774+00:00 - VS Code running: True
2024-07-27 17:00:57.756514+00:00 - VS Code running: False
2024-07-27 17:00:57.757606+00:00 - VS Code closed at 2024-07-27 17:00:57.757606+00:00
2024-07-27 17:00:58.617641+00:00 - Event created: https://www.google.com/calendar/event?eid=MGpjZmZycGtzdXN1MnF2ZDAyMmNpY2kyMTQgZ3VtZWt0dkBt
2024-07-27 17:01:08.626379+00:00 - VS Code running: False
2024-07-27 17:01:18.635097+00:00 - VS Code running: False
2024-07-27 17:01:28.651502+00:00 - VS Code running: False
2024-07-27 17:01:38.659098+00:00 - VS Code running: False
2024-07-27 17:01:48.668395+00:00 - VS Code running: False
2024-07-27 17:01:58.677014+00:00 - VS Code running: False
2024-07-27 17:02:08.685138+00:00 - VS Code running: False
2024-07-27 17:02:18.692162+00:00 - VS Code running: False
2024-07-27 17:02:28.700261+00:00 - VS Code running: False
2024-07-27 17:02:38.708816+00:00 - VS Code running: False
2024-07-27 17:02:48.720477+00:00 - VS Code running: False
2024-07-27 17:02:58.729969+00:00 - VS Code running: False
2024-07-27 17:03:08.738883+00:00 - VS Code running: False
2024-07-27 17:03:18.747403+00:00 - VS Code running: False
2024-07-27 17:03:28.755629+00:00 - VS Code running: False
2024-07-27 17:03:38.764088+00:00 - VS Code running: False
2024-07-27 17:03:48.773099+00:00 - VS Code running: False
2024-07-27 17:03:58.781487+00:00 - VS Code running: False
2024-07-27 17:04:08.789401+00:00 - VS Code running: False
2024-07-27 17:04:18.797344+00:00 - VS Code running: False
2024-07-27 17:14:55.668081+00:00 - Script started and notification sent
2024-07-27 17:14:56.152653+00:00 - VS Code running: False
2024-07-27 17:15:34.254347+00:00 - Script started and notification sent
2024-07-27 17:15:34.813914+00:00 - VS Code running: False
2024-07-27 17:17:11.796674+00:00 - Script started and notification sent
2024-07-27 17:17:12.590231+00:00 - VS Code running: False
2024-07-27 17:18:12.617498+00:00 - VS Code running: False
2024-07-27 17:19:12.638220+00:00 - VS Code running: True
2024-07-27 17:19:12.639728+00:00 - VS Code opened at 2024-07-27 17:19:12.639728+00:00
2024-07-27 17:19:58.084162+00:00 - Script started and notification sent
2024-07-27 17:19:58.564272+00:00 - VS Code running: False
2024-07-27 17:20:12.673774+00:00 - VS Code running: False
2024-07-27 17:20:12.674772+00:00 - VS Code closed at 2024-07-27 17:20:12.674772+00:00
2024-07-27 17:20:13.878202+00:00 - Event created: https://www.google.com/calendar/event?eid=ZG5nNzkwZW82dGhuOWRyazloZ25zM2JhMTQgZ3VtZWt0dkBt
2024-07-27 17:22:04.919547+00:00 - Script started and notification sent
2024-07-27 17:22:05.969607+00:00 - VS Code running: False
2024-07-27 17:23:05.989060+00:00 - VS Code running: True
2024-07-27 17:23:05.991057+00:00 - VS Code opened at 2024-07-27 17:23:05.991057+00:00
2024-07-27 17:24:06.011437+00:00 - VS Code running: True
2024-07-27 17:25:06.018792+00:00 - VS Code running: True
2024-07-27 17:26:06.096967+00:00 - VS Code running: False
2024-07-27 17:26:06.099967+00:00 - VS Code closed at 2024-07-27 17:26:06.099967+00:00
2024-07-27 17:26:06.983825+00:00 - Event created: https://www.google.com/calendar/event?eid=cHYzbjZqaG43bGFkOXF1c2VjanNyZG9qYWsgZ3VtZWt0dkBt
2024-07-27 17:27:06.991632+00:00 - VS Code running: False
2024-07-27 17:28:07.003347+00:00 - VS Code running: False
2024-07-27 17:29:07.010058+00:00 - VS Code running: False
2024-07-27 17:30:07.017548+00:00 - VS Code running: False
2024-07-27 17:31:07.024655+00:00 - VS Code running: False
2024-07-27 17:32:07.042255+00:00 - VS Code running: False
2024-07-27 17:33:07.058923+00:00 - VS Code running: False
2024-07-27 17:34:07.065622+00:00 - VS Code running: False
2024-07-27 17:35:07.077474+00:00 - VS Code running: False
2024-07-27 17:36:07.085037+00:00 - VS Code running: False
2024-07-27 17:37:07.104033+00:00 - VS Code running: False
2024-07-27 17:38:07.110443+00:00 - VS Code running: False
2024-07-27 17:39:07.125653+00:00 - VS Code running: False
2024-07-27 17:40:07.133107+00:00 - VS Code running: False
2024-07-27 17:41:07.140473+00:00 - VS Code running: False
2024-07-27 17:42:07.153262+00:00 - VS Code running: False
2024-07-27 17:43:07.159887+00:00 - VS Code running: False
2024-07-27 17:44:07.166034+00:00 - VS Code running: False
2024-07-27 17:45:07.172900+00:00 - VS Code running: False
2024-07-27 17:46:07.179901+00:00 - VS Code running: False
2024-07-27 17:47:07.185662+00:00 - VS Code running: False
2024-07-27 17:48:07.194976+00:00 - VS Code running: False
2024-07-27 17:49:07.201491+00:00 - VS Code running: False
2024-07-27 17:50:07.207672+00:00 - VS Code running: False
2024-07-27 17:51:07.214291+00:00 - VS Code running: True
2024-07-27 17:51:07.216295+00:00 - VS Code opened at 2024-07-27 17:51:07.216295+00:00
2024-07-27 17:52:07.221504+00:00 - VS Code running: True
2024-07-27 17:53:07.232188+00:00 - VS Code running: True
2024-07-27 17:54:07.238041+00:00 - VS Code running: True
2024-07-27 17:55:07.244306+00:00 - VS Code running: True
2024-07-27 17:56:07.249616+00:00 - VS Code running: True
2024-07-27 17:57:07.258785+00:00 - VS Code running: True
2024-07-27 17:58:07.265170+00:00 - VS Code running: True
2024-07-27 17:59:07.270561+00:00 - VS Code running: True
2024-07-27 18:00:07.311623+00:00 - VS Code running: True
2024-07-27 18:01:07.316652+00:00 - VS Code running: True
2024-07-27 18:02:07.322347+00:00 - VS Code running: True
2024-07-27 18:03:07.327641+00:00 - VS Code running: True
2024-07-27 18:04:07.331933+00:00 - VS Code running: True
2024-07-27 18:05:07.338563+00:00 - VS Code running: True
2024-07-27 18:06:07.344427+00:00 - VS Code running: True
2024-07-27 18:07:07.350654+00:00 - VS Code running: True
2024-07-27 18:08:07.356666+00:00 - VS Code running: True
2024-07-27 18:09:07.362552+00:00 - VS Code running: True
2024-07-27 18:10:07.369442+00:00 - VS Code running: True
2024-07-27 18:11:07.376447+00:00 - VS Code running: True
2024-07-27 18:12:07.382653+00:00 - VS Code running: True
2024-07-27 18:13:07.388705+00:00 - VS Code running: True
2024-07-27 18:14:07.396085+00:00 - VS Code running: True
2024-07-27 18:15:07.403062+00:00 - VS Code running: True
2024-07-27 18:16:07.409626+00:00 - VS Code running: True
2024-07-27 18:17:07.415943+00:00 - VS Code running: True
2024-07-27 18:18:07.422675+00:00 - VS Code running: True
2024-07-27 18:19:07.428959+00:00 - VS Code running: True
2024-07-27 18:20:07.435385+00:00 - VS Code running: True
2024-07-27 18:21:07.441660+00:00 - VS Code running: True
2024-07-27 18:22:07.447927+00:00 - VS Code running: True
2024-07-27 18:23:07.454664+00:00 - VS Code running: True
2024-07-27 18:24:07.462383+00:00 - VS Code running: True
2024-07-27 18:25:07.468233+00:00 - VS Code running: True
2024-07-27 18:26:07.474465+00:00 - VS Code running: True
2024-07-27 18:27:07.486094+00:00 - VS Code running: True
2024-07-27 18:28:07.491080+00:00 - VS Code running: True
2024-07-27 18:29:07.497530+00:00 - VS Code running: True
2024-07-27 18:30:07.504765+00:00 - VS Code running: True
2024-07-27 18:31:07.511519+00:00 - VS Code running: True
2024-07-27 18:32:07.518360+00:00 - VS Code running: True
2024-07-27 18:33:07.524562+00:00 - VS Code running: True
2024-07-27 18:34:07.530917+00:00 - VS Code running: True
2024-07-27 18:35:07.537107+00:00 - VS Code running: True
2024-07-27 18:36:07.544129+00:00 - VS Code running: True
2024-07-27 18:37:07.570029+00:00 - VS Code running: False
2024-07-27 18:37:07.572028+00:00 - VS Code closed at 2024-07-27 18:37:07.572028+00:00
2024-07-27 18:37:08.942206+00:00 - Event created: https://www.google.com/calendar/event?eid=bDZzYzNrcXVhZDVqZjBoamUyODZwa3ExZHMgZ3VtZWt0dkBt
2024-07-27 18:38:08.948671+00:00 - VS Code running: False
2024-07-27 18:39:08.955504+00:00 - VS Code running: False
2024-07-27 18:40:08.986849+00:00 - VS Code running: False
2024-07-27 18:41:08.993185+00:00 - VS Code running: False
2024-07-27 18:42:09.001097+00:00 - VS Code running: False
2024-07-27 18:43:09.008938+00:00 - VS Code running: False
2024-07-27 18:44:09.016188+00:00 - VS Code running: False
2024-07-27 18:45:09.023363+00:00 - VS Code running: False
2024-07-27 18:46:09.030748+00:00 - VS Code running: False
2024-07-27 18:47:09.043317+00:00 - VS Code running: False
2024-07-27 18:48:09.050335+00:00 - VS Code running: False
2024-07-27 18:49:09.057391+00:00 - VS Code running: False
2024-07-27 18:50:09.064367+00:00 - VS Code running: False
2024-07-27 18:51:09.071300+00:00 - VS Code running: False
2024-07-27 18:52:09.078134+00:00 - VS Code running: False
2024-07-27 18:53:09.086168+00:00 - VS Code running: False
2024-07-27 18:54:09.093476+00:00 - VS Code running: False
2024-07-27 18:55:09.099671+00:00 - VS Code running: False
2024-07-27 18:56:09.106867+00:00 - VS Code running: False
2024-07-27 18:57:09.120233+00:00 - VS Code running: False
2024-07-27 18:58:09.127714+00:00 - VS Code running: False
2024-07-27 18:59:09.135072+00:00 - VS Code running: False
2024-07-27 19:00:09.141743+00:00 - VS Code running: False
2024-07-27 19:01:09.155292+00:00 - VS Code running: False
2024-07-27 19:02:09.161734+00:00 - VS Code running: False
2024-07-27 19:03:09.168426+00:00 - VS Code running: False
2024-07-27 19:04:09.175828+00:00 - VS Code running: False
2024-07-27 19:05:09.183594+00:00 - VS Code running: False
2024-07-27 19:06:09.190963+00:00 - VS Code running: False
2024-07-27 19:07:09.197312+00:00 - VS Code running: False
2024-07-27 19:08:09.204840+00:00 - VS Code running: False
2024-07-27 19:09:09.211616+00:00 - VS Code running: False
2024-07-27 19:10:09.218595+00:00 - VS Code running: False
2024-07-27 19:11:09.226001+00:00 - VS Code running: False
2024-07-27 19:12:09.233687+00:00 - VS Code running: False
2024-07-27 19:13:09.264485+00:00 - VS Code running: False
2024-07-27 19:14:09.270829+00:00 - VS Code running: False
2024-07-27 19:15:09.278513+00:00 - VS Code running: False
2024-07-27 19:16:09.290018+00:00 - VS Code running: False
2024-07-27 19:17:09.296452+00:00 - VS Code running: False
2024-07-27 19:18:09.303897+00:00 - VS Code running: False
2024-07-27 19:19:09.311981+00:00 - VS Code running: False
2024-07-27 19:20:09.318823+00:00 - VS Code running: False
2024-07-27 19:21:09.326465+00:00 - VS Code running: False
2024-07-27 19:22:09.348158+00:00 - VS Code running: False
2024-07-27 19:23:09.355387+00:00 - VS Code running: False
2024-07-27 19:24:09.364037+00:00 - VS Code running: False
2024-07-27 19:25:09.370976+00:00 - VS Code running: False
2024-07-27 19:26:09.378673+00:00 - VS Code running: False
2024-07-27 19:27:09.397145+00:00 - VS Code running: False
2024-07-27 19:28:09.404006+00:00 - VS Code running: False
2024-07-27 19:29:09.410662+00:00 - VS Code running: False
2024-07-27 19:30:09.416521+00:00 - VS Code running: False
2024-07-27 19:31:09.422679+00:00 - VS Code running: False
2024-07-27 19:32:09.459182+00:00 - VS Code running: False
2024-07-27 19:33:09.471005+00:00 - VS Code running: False
2024-07-27 19:34:09.481448+00:00 - VS Code running: False
2024-07-27 19:35:09.491920+00:00 - VS Code running: False
2024-07-27 19:36:09.510075+00:00 - VS Code running: False
2024-07-27 19:37:09.519117+00:00 - VS Code running: False
2024-07-27 19:38:09.532233+00:00 - VS Code running: False
2024-07-27 19:39:09.541584+00:00 - VS Code running: False
2024-07-27 19:40:09.547507+00:00 - VS Code running: False
2024-07-27 19:41:09.553463+00:00 - VS Code running: False
2024-07-27 19:42:09.559510+00:00 - VS Code running: False
2024-07-27 19:43:09.568392+00:00 - VS Code running: False
2024-07-27 19:44:09.575598+00:00 - VS Code running: False
2024-07-27 19:45:09.581726+00:00 - VS Code running: False
2024-07-27 19:46:09.588494+00:00 - VS Code running: False
2024-07-27 19:47:09.595148+00:00 - VS Code running: False
2024-07-27 19:48:09.600931+00:00 - VS Code running: False
2024-07-27 19:49:09.607996+00:00 - VS Code running: False
2024-07-27 19:50:09.614244+00:00 - VS Code running: False
2024-07-27 19:51:09.622044+00:00 - VS Code running: False
2024-07-27 19:52:09.632035+00:00 - VS Code running: False
2024-07-27 19:53:09.641984+00:00 - VS Code running: False
2024-07-27 19:54:09.648660+00:00 - VS Code running: False
2024-07-27 19:55:09.666251+00:00 - VS Code running: False
2024-07-27 19:56:09.683486+00:00 - VS Code running: False
2024-07-27 19:57:09.696141+00:00 - VS Code running: False
2024-07-27 19:58:09.702779+00:00 - VS Code running: False
2024-07-27 19:59:09.709549+00:00 - VS Code running: False
2024-07-27 20:00:09.720336+00:00 - VS Code running: False
2024-07-27 20:01:09.726766+00:00 - VS Code running: False
2024-07-27 20:02:09.734009+00:00 - VS Code running: False
2024-07-27 20:03:09.740514+00:00 - VS Code running: False
2024-07-27 20:04:09.747342+00:00 - VS Code running: False
2024-07-27 20:05:09.754984+00:00 - VS Code running: False
2024-07-27 20:06:09.762156+00:00 - VS Code running: False
2024-07-27 20:07:09.773037+00:00 - VS Code running: False
2024-07-27 20:08:09.789166+00:00 - VS Code running: False
2024-07-27 20:09:09.795945+00:00 - VS Code running: False
2024-07-27 20:10:09.805791+00:00 - VS Code running: False
2024-07-27 20:11:09.812110+00:00 - VS Code running: False
2024-07-27 20:12:09.819235+00:00 - VS Code running: False
2024-07-27 20:13:09.826746+00:00 - VS Code running: False
2024-07-27 20:14:09.837312+00:00 - VS Code running: False
2024-07-27 20:15:09.848742+00:00 - VS Code running: False
2024-07-27 20:16:09.855432+00:00 - VS Code running: False
2024-07-27 20:17:09.868334+00:00 - VS Code running: False
2024-07-27 20:18:09.880541+00:00 - VS Code running: False
2024-07-27 20:19:09.891912+00:00 - VS Code running: False
2024-07-27 20:20:09.898829+00:00 - VS Code running: False
2024-07-27 20:21:09.910890+00:00 - VS Code running: False
2024-07-27 20:22:09.923148+00:00 - VS Code running: False
2024-07-27 20:23:09.930999+00:00 - VS Code running: False
2024-07-27 20:24:09.938092+00:00 - VS Code running: False
2024-07-27 20:25:09.948293+00:00 - VS Code running: False
2024-07-27 20:26:09.955559+00:00 - VS Code running: False
2024-07-27 20:27:09.969195+00:00 - VS Code running: False
2024-07-27 20:28:09.980482+00:00 - VS Code running: False
2024-07-27 20:29:09.986525+00:00 - VS Code running: False
2024-07-27 20:30:09.993982+00:00 - VS Code running: False
2024-07-27 20:31:10.003682+00:00 - VS Code running: False
2024-07-27 20:32:10.011183+00:00 - VS Code running: False
2024-07-27 20:33:10.017756+00:00 - VS Code running: False
2024-07-27 20:34:10.030819+00:00 - VS Code running: False
2024-07-27 20:35:10.037377+00:00 - VS Code running: False
2024-07-27 20:36:10.044554+00:00 - VS Code running: False
2024-07-27 20:37:10.050768+00:00 - VS Code running: False
2024-07-27 20:38:10.057300+00:00 - VS Code running: False
2024-07-27 20:39:10.063556+00:00 - VS Code running: False
2024-07-27 20:40:10.074435+00:00 - VS Code running: False
2024-07-27 20:41:10.081243+00:00 - VS Code running: False
2024-07-27 20:42:10.092595+00:00 - VS Code running: False
2024-07-27 20:43:10.105238+00:00 - VS Code running: False
2024-07-27 20:44:10.111165+00:00 - VS Code running: False
2024-07-27 20:45:10.118831+00:00 - VS Code running: False
2024-07-27 20:46:10.129528+00:00 - VS Code running: False
2024-07-27 20:47:10.136735+00:00 - VS Code running: False
2024-07-27 20:48:10.143192+00:00 - VS Code running: False
2024-07-27 20:49:10.149918+00:00 - VS Code running: False
2024-07-27 20:50:10.157684+00:00 - VS Code running: False
2024-07-27 20:51:10.164619+00:00 - VS Code running: False
2024-07-27 20:52:10.171390+00:00 - VS Code running: False
2024-07-27 20:53:10.185791+00:00 - VS Code running: False
2024-07-27 20:54:10.192258+00:00 - VS Code running: False
2024-07-27 20:55:10.204124+00:00 - VS Code running: False
2024-07-27 20:56:10.210824+00:00 - VS Code running: False
2024-07-27 20:57:10.223588+00:00 - VS Code running: False
2024-07-27 20:58:10.230397+00:00 - VS Code running: False
2024-07-27 20:59:10.241157+00:00 - VS Code running: False
2024-07-27 21:00:10.248506+00:00 - VS Code running: False
2024-07-27 21:01:10.254357+00:00 - VS Code running: False
2024-07-27 21:02:10.261730+00:00 - VS Code running: False
2024-07-27 21:03:10.268685+00:00 - VS Code running: False
2024-07-27 21:04:10.279379+00:00 - VS Code running: False
2024-07-27 21:05:10.290844+00:00 - VS Code running: False
2024-07-27 21:06:10.303522+00:00 - VS Code running: False
2024-07-27 21:07:10.311155+00:00 - VS Code running: False
2024-07-27 21:08:10.317301+00:00 - VS Code running: False
2024-07-27 21:09:10.324130+00:00 - VS Code running: False
2024-07-27 21:10:10.345231+00:00 - VS Code running: False
2024-07-27 21:11:10.352320+00:00 - VS Code running: False
2024-07-27 21:12:10.358427+00:00 - VS Code running: False
2024-07-27 21:13:10.366740+00:00 - VS Code running: False
2024-07-27 21:14:10.373800+00:00 - VS Code running: False
2024-07-27 21:15:10.385308+00:00 - VS Code running: False
2024-07-27 21:16:10.397514+00:00 - VS Code running: False
2024-07-27 21:17:10.403273+00:00 - VS Code running: False
2024-07-27 21:18:10.414035+00:00 - VS Code running: False
2024-07-27 21:19:10.421907+00:00 - VS Code running: False
2024-07-27 21:20:10.429176+00:00 - VS Code running: False
2024-07-27 21:21:10.436265+00:00 - VS Code running: False
2024-07-27 21:22:10.448400+00:00 - VS Code running: False
2024-07-27 21:23:10.454122+00:00 - VS Code running: False
2024-07-27 21:24:10.468344+00:00 - VS Code running: False
2024-07-28 07:44:12.219828+00:00 - Script started and notification sent
2024-07-28 07:44:13.147372+00:00 - VS Code running: False
2024-07-28 07:45:13.162862+00:00 - VS Code running: False
2024-07-28 07:46:13.192982+00:00 - VS Code running: False
2024-07-28 07:47:13.200559+00:00 - VS Code running: True
2024-07-28 07:47:13.202560+00:00 - VS Code opened at 2024-07-28 07:47:13.202560+00:00
2024-07-28 07:48:13.208460+00:00 - VS Code running: True
2024-07-28 07:49:13.216727+00:00 - VS Code running: True
2024-07-28 07:50:13.226691+00:00 - VS Code running: True
2024-07-28 07:51:13.232492+00:00 - VS Code running: True
2024-07-28 07:52:13.239801+00:00 - VS Code running: True
2024-07-28 07:53:13.247602+00:00 - VS Code running: True
2024-07-28 07:54:13.254179+00:00 - VS Code running: True
2024-07-28 07:55:13.265498+00:00 - VS Code running: True
2024-07-28 07:56:13.271960+00:00 - VS Code running: True
2024-07-28 07:57:13.279353+00:00 - VS Code running: True
2024-07-28 07:58:13.285809+00:00 - VS Code running: True
2024-07-28 07:59:13.292373+00:00 - VS Code running: True
2024-07-28 08:00:13.299598+00:00 - VS Code running: True
2024-07-28 08:01:13.307205+00:00 - VS Code running: True
2024-07-28 08:02:13.318458+00:00 - VS Code running: True
2024-07-28 08:03:13.331102+00:00 - VS Code running: True
2024-07-28 08:04:13.350682+00:00 - VS Code running: True
2024-07-28 08:05:13.363813+00:00 - VS Code running: True
2024-07-28 08:06:13.376820+00:00 - VS Code running: True
2024-07-28 08:07:13.392992+00:00 - VS Code running: True
2024-07-28 08:08:13.406647+00:00 - VS Code running: True
2024-07-28 08:09:13.419450+00:00 - VS Code running: True
2024-07-28 08:10:13.445556+00:00 - VS Code running: True
2024-07-28 08:11:13.457573+00:00 - VS Code running: True
2024-07-28 08:12:13.471159+00:00 - VS Code running: True
2024-07-28 08:13:13.484972+00:00 - VS Code running: True
2024-07-28 08:14:13.498243+00:00 - VS Code running: True
2024-07-28 08:15:13.512114+00:00 - VS Code running: True
2024-07-28 08:16:13.525131+00:00 - VS Code running: True
2024-07-28 08:17:13.541603+00:00 - VS Code running: True
2024-07-28 08:18:13.554637+00:00 - VS Code running: True
2024-07-28 08:19:13.566362+00:00 - VS Code running: True
2024-07-28 08:20:13.577594+00:00 - VS Code running: True
2024-07-28 08:21:13.588484+00:00 - VS Code running: True
2024-07-28 08:22:13.605595+00:00 - VS Code running: True
2024-07-28 08:23:13.616661+00:00 - VS Code running: True
2024-07-28 08:24:13.625961+00:00 - VS Code running: True
2024-07-28 08:25:13.637395+00:00 - VS Code running: True
2024-07-28 08:26:13.649782+00:00 - VS Code running: True
2024-07-28 08:27:13.661021+00:00 - VS Code running: True
2024-07-28 08:28:13.673295+00:00 - VS Code running: True
2024-07-28 08:29:13.683614+00:00 - VS Code running: True
2024-07-28 08:30:13.695636+00:00 - VS Code running: True
2024-07-28 08:31:13.706821+00:00 - VS Code running: True
2024-07-28 08:32:13.718156+00:00 - VS Code running: True
2024-07-28 08:33:13.729326+00:00 - VS Code running: True
2024-07-28 08:34:13.739948+00:00 - VS Code running: True
2024-07-28 08:35:13.751394+00:00 - VS Code running: True
2024-07-28 08:36:13.762206+00:00 - VS Code running: True
2024-07-28 08:37:13.772370+00:00 - VS Code running: True
2024-07-28 08:38:13.780494+00:00 - VS Code running: True
2024-07-28 08:39:13.790834+00:00 - VS Code running: True
2024-07-28 08:40:13.801438+00:00 - VS Code running: True
2024-07-28 08:41:13.815414+00:00 - VS Code running: True
2024-07-28 08:42:13.826405+00:00 - VS Code running: True
2024-07-28 08:43:13.835756+00:00 - VS Code running: True
2024-07-28 08:44:13.848623+00:00 - VS Code running: True
2024-07-28 08:45:13.858005+00:00 - VS Code running: True
2024-07-28 08:46:13.876064+00:00 - VS Code running: True
2024-07-28 08:47:13.887142+00:00 - VS Code running: True
2024-07-28 08:48:13.897412+00:00 - VS Code running: True
2024-07-28 08:49:13.908363+00:00 - VS Code running: True
2024-07-28 08:50:13.917778+00:00 - VS Code running: True
2024-07-28 08:51:13.928861+00:00 - VS Code running: True
2024-07-28 08:52:13.937885+00:00 - VS Code running: True
2024-07-28 08:53:13.948602+00:00 - VS Code running: True
2024-07-28 08:54:13.957847+00:00 - VS Code running: True
2024-07-28 08:55:13.966629+00:00 - VS Code running: True
2024-07-28 08:56:13.976336+00:00 - VS Code running: True
2024-07-28 08:57:13.987952+00:00 - VS Code running: True
2024-07-28 08:58:13.997451+00:00 - VS Code running: True
2024-07-28 08:59:14.004798+00:00 - VS Code running: True
2024-07-28 09:00:14.013552+00:00 - VS Code running: True
2024-07-28 09:01:14.023245+00:00 - VS Code running: True
2024-07-28 09:02:14.037236+00:00 - VS Code running: False
2024-07-28 09:02:14.039241+00:00 - VS Code closed at 2024-07-28 09:02:14.039241+00:00
2024-07-28 09:02:15.480567+00:00 - Event created: https://www.google.com/calendar/event?eid=MDhtN3RtMzl2cmxzZG04Y2ZyNjFpcWRxZGcgZ3VtZWt0dkBt
2024-07-28 09:03:15.489281+00:00 - VS Code running: False
2024-07-28 09:04:15.499502+00:00 - VS Code running: False
2024-07-28 09:05:15.508703+00:00 - VS Code running: False
2024-07-28 09:06:15.517174+00:00 - VS Code running: False
2024-07-28 09:07:15.525278+00:00 - VS Code running: False
2024-07-28 09:08:15.535564+00:00 - VS Code running: False
2024-07-28 09:09:15.542974+00:00 - VS Code running: False
2024-07-28 09:10:15.549622+00:00 - VS Code running: False
2024-07-28 09:11:15.558914+00:00 - VS Code running: False
2024-07-28 09:12:15.574646+00:00 - VS Code running: False
2024-07-28 09:13:15.587911+00:00 - VS Code running: False
2024-07-28 09:14:15.604446+00:00 - VS Code running: False
2024-07-28 09:15:15.613029+00:00 - VS Code running: False
2024-07-28 09:16:15.621873+00:00 - VS Code running: False
2024-07-28 09:17:15.634737+00:00 - VS Code running: False
2024-07-28 09:18:15.644211+00:00 - VS Code running: False
2024-07-28 09:19:15.656693+00:00 - VS Code running: False
2024-07-28 09:20:15.665754+00:00 - VS Code running: False
2024-07-28 09:21:15.673531+00:00 - VS Code running: False
2024-07-28 09:22:15.681945+00:00 - VS Code running: False
2024-07-28 09:23:15.690102+00:00 - VS Code running: False
2024-07-28 09:24:15.698041+00:00 - VS Code running: False
2024-07-28 09:25:15.712878+00:00 - VS Code running: False
2024-07-28 09:26:15.722358+00:00 - VS Code running: False
2024-07-28 09:27:15.729131+00:00 - VS Code running: False
2024-07-28 09:28:15.736924+00:00 - VS Code running: False
2024-07-28 09:29:15.744906+00:00 - VS Code running: False
2024-07-28 09:30:15.753922+00:00 - VS Code running: False
2024-07-28 09:31:15.765684+00:00 - VS Code running: False
2024-07-28 09:32:15.778863+00:00 - VS Code running: False
2024-07-28 09:33:15.785937+00:00 - VS Code running: False
2024-07-28 09:34:15.794250+00:00 - VS Code running: False
2024-07-28 09:35:15.802782+00:00 - VS Code running: False
2024-07-28 09:36:15.810493+00:00 - VS Code running: False
2024-07-28 09:37:15.822335+00:00 - VS Code running: False
2024-07-28 09:38:15.831488+00:00 - VS Code running: False
2024-07-28 09:39:15.846365+00:00 - VS Code running: False
2024-07-28 09:40:15.854616+00:00 - VS Code running: False
2024-07-28 09:41:15.860469+00:00 - VS Code running: False
2024-07-28 09:42:15.868714+00:00 - VS Code running: False
2024-07-28 09:43:15.876512+00:00 - VS Code running: False
2024-07-28 09:44:15.899071+00:00 - VS Code running: False
2024-07-28 09:45:15.907535+00:00 - VS Code running: False
2024-07-28 09:46:15.915687+00:00 - VS Code running: False
2024-07-28 09:47:15.926806+00:00 - VS Code running: False
2024-07-28 09:48:15.935588+00:00 - VS Code running: False
2024-07-28 09:49:15.943827+00:00 - VS Code running: False
2024-07-28 09:50:15.951624+00:00 - VS Code running: False
2024-07-28 09:51:15.959727+00:00 - VS Code running: False
2024-07-28 09:52:15.971462+00:00 - VS Code running: False
2024-07-28 09:53:15.978897+00:00 - VS Code running: False
2024-07-28 09:54:15.989582+00:00 - VS Code running: False
2024-07-28 09:55:15.996071+00:00 - VS Code running: False
2024-07-28 09:56:16.005497+00:00 - VS Code running: False
2024-07-28 09:57:16.013473+00:00 - VS Code running: False
2024-07-28 09:58:16.021948+00:00 - VS Code running: False
2024-07-28 09:59:16.028612+00:00 - VS Code running: False
2024-07-28 10:00:16.036512+00:00 - VS Code running: False
2024-07-28 10:01:16.044000+00:00 - VS Code running: False
2024-07-28 10:02:16.056706+00:00 - VS Code running: False
2024-07-28 10:03:16.064723+00:00 - VS Code running: False
2024-07-28 10:04:16.075966+00:00 - VS Code running: False
2024-07-28 10:05:16.083508+00:00 - VS Code running: False
2024-07-28 10:06:16.089671+00:00 - VS Code running: False
2024-07-28 10:07:16.102417+00:00 - VS Code running: False
2024-07-28 10:08:16.114797+00:00 - VS Code running: False
2024-07-28 10:09:16.122030+00:00 - VS Code running: False
2024-07-28 10:10:16.134372+00:00 - VS Code running: False
2024-07-28 10:11:16.142768+00:00 - VS Code running: False
2024-07-28 10:12:16.150088+00:00 - VS Code running: False
2024-07-28 10:13:16.163589+00:00 - VS Code running: False
2024-07-28 10:14:16.175580+00:00 - VS Code running: False
2024-07-28 10:15:16.183620+00:00 - VS Code running: False
2024-07-28 10:16:16.190902+00:00 - VS Code running: False
2024-07-28 10:17:16.198615+00:00 - VS Code running: False
2024-07-28 10:18:16.206127+00:00 - VS Code running: False
2024-07-28 10:19:16.213553+00:00 - VS Code running: False
2024-07-28 10:20:16.219515+00:00 - VS Code running: False
2024-07-28 10:21:16.227652+00:00 - VS Code running: False
2024-07-28 10:22:16.234240+00:00 - VS Code running: False
2024-07-28 10:23:16.241648+00:00 - VS Code running: False
2024-07-28 10:24:16.249589+00:00 - VS Code running: False
2024-07-28 10:25:16.256971+00:00 - VS Code running: False
2024-07-28 10:26:16.265113+00:00 - VS Code running: False
2024-07-28 10:27:16.271919+00:00 - VS Code running: False
2024-07-28 10:28:16.278504+00:00 - VS Code running: False
2024-07-28 10:29:16.285629+00:00 - VS Code running: False
2024-07-28 10:30:16.293232+00:00 - VS Code running: False
2024-07-28 10:31:16.300536+00:00 - VS Code running: False
2024-07-28 10:32:16.314498+00:00 - VS Code running: False
2024-07-28 10:33:16.321780+00:00 - VS Code running: False
2024-07-28 10:34:16.328941+00:00 - VS Code running: False
2024-07-28 10:35:16.342123+00:00 - VS Code running: False
2024-07-28 10:36:16.348662+00:00 - VS Code running: False
2024-07-28 10:37:16.355765+00:00 - VS Code running: False
2024-07-28 10:38:16.363073+00:00 - VS Code running: False
2024-07-28 10:39:16.370453+00:00 - VS Code running: False
2024-07-28 10:40:16.400154+00:00 - VS Code running: False
2024-07-28 10:41:16.406572+00:00 - VS Code running: False
2024-07-28 10:42:16.423736+00:00 - VS Code running: False
2024-07-28 10:43:16.439484+00:00 - VS Code running: False
2024-07-28 10:44:16.448614+00:00 - VS Code running: False
2024-07-28 10:45:16.456326+00:00 - VS Code running: False
2024-07-28 10:46:16.464393+00:00 - VS Code running: False
2024-07-28 10:47:16.480327+00:00 - VS Code running: False
2024-07-28 10:48:16.488158+00:00 - VS Code running: False
2024-07-28 10:49:16.496603+00:00 - VS Code running: False
2024-07-28 10:50:16.505270+00:00 - VS Code running: False
2024-07-28 10:51:16.513184+00:00 - VS Code running: False
2024-07-28 10:52:16.521566+00:00 - VS Code running: False
2024-07-28 10:53:16.529254+00:00 - VS Code running: False
2024-07-28 10:54:16.536470+00:00 - VS Code running: False
2024-07-28 10:55:16.544168+00:00 - VS Code running: False
2024-07-28 10:56:16.552462+00:00 - VS Code running: False
2024-07-28 10:57:16.560482+00:00 - VS Code running: False
2024-07-28 10:58:16.567990+00:00 - VS Code running: False
2024-07-28 10:59:16.575825+00:00 - VS Code running: False
2024-07-28 11:00:16.583320+00:00 - VS Code running: False
2024-07-28 11:01:16.592264+00:00 - VS Code running: False
2024-07-28 11:02:16.607497+00:00 - VS Code running: False
2024-07-28 11:03:16.616171+00:00 - VS Code running: False
2024-07-28 11:04:16.622897+00:00 - VS Code running: False
2024-07-28 11:05:16.637736+00:00 - VS Code running: False
2024-07-28 11:06:16.645384+00:00 - VS Code running: False
2024-07-28 11:07:16.659351+00:00 - VS Code running: False
2024-07-28 11:08:16.667260+00:00 - VS Code running: False
2024-07-28 11:09:16.675464+00:00 - VS Code running: False
2024-07-28 11:10:16.683848+00:00 - VS Code running: False
2024-07-28 11:11:16.691646+00:00 - VS Code running: False
2024-07-28 11:12:16.698715+00:00 - VS Code running: False
2024-07-28 11:13:16.707558+00:00 - VS Code running: False
2024-07-28 11:14:16.722554+00:00 - VS Code running: False
2024-07-28 11:15:16.731117+00:00 - VS Code running: False
2024-07-28 11:16:16.738687+00:00 - VS Code running: False
2024-07-28 11:17:16.752374+00:00 - VS Code running: False
2024-07-28 11:18:16.760630+00:00 - VS Code running: False
2024-07-28 11:19:16.768284+00:00 - VS Code running: False
2024-07-28 11:20:16.776971+00:00 - VS Code running: False
2024-07-28 11:21:16.791606+00:00 - VS Code running: False
2024-07-28 11:22:16.806221+00:00 - VS Code running: False
2024-07-28 11:23:16.813953+00:00 - VS Code running: False
2024-07-28 11:24:16.822056+00:00 - VS Code running: False
2024-07-28 11:25:16.830950+00:00 - VS Code running: False
2024-07-28 11:26:16.838821+00:00 - VS Code running: False
2024-07-28 11:27:16.847563+00:00 - VS Code running: False
2024-07-28 11:28:16.856040+00:00 - VS Code running: False
2024-07-28 11:29:16.864119+00:00 - VS Code running: False
2024-07-28 11:30:16.871740+00:00 - VS Code running: False
2024-07-28 11:31:16.879935+00:00 - VS Code running: False
2024-07-28 11:32:16.893408+00:00 - VS Code running: False
2024-07-28 11:33:16.901743+00:00 - VS Code running: False
2024-07-28 11:34:16.909359+00:00 - VS Code running: False
2024-07-28 11:35:16.917375+00:00 - VS Code running: False
2024-07-28 11:36:16.925683+00:00 - VS Code running: False
2024-07-28 11:37:16.940038+00:00 - VS Code running: False
2024-07-28 11:38:16.947855+00:00 - VS Code running: False
2024-07-28 11:39:16.955604+00:00 - VS Code running: False
2024-07-28 11:40:16.979587+00:00 - VS Code running: False
2024-07-28 11:41:16.986969+00:00 - VS Code running: False
2024-07-28 11:42:16.995649+00:00 - VS Code running: False
2024-07-28 11:43:17.003196+00:00 - VS Code running: False
2024-07-28 11:44:17.018261+00:00 - VS Code running: False
2024-07-28 11:45:17.026760+00:00 - VS Code running: False
2024-07-28 11:46:17.034076+00:00 - VS Code running: False
2024-07-28 11:47:17.049512+00:00 - VS Code running: False
2024-07-28 11:48:17.057298+00:00 - VS Code running: False
2024-07-28 11:49:17.065001+00:00 - VS Code running: False
2024-07-28 11:50:17.073274+00:00 - VS Code running: False
2024-07-28 11:51:17.081035+00:00 - VS Code running: False
2024-07-28 11:52:17.088416+00:00 - VS Code running: False
2024-07-28 11:53:17.096853+00:00 - VS Code running: False
2024-07-28 11:54:17.104334+00:00 - VS Code running: False
2024-07-28 11:55:17.112203+00:00 - VS Code running: False
2024-07-28 11:56:17.119513+00:00 - VS Code running: False
2024-07-28 11:57:17.131681+00:00 - VS Code running: False
2024-07-28 11:58:17.139782+00:00 - VS Code running: False
2024-07-28 11:59:17.147866+00:00 - VS Code running: False
2024-07-28 12:00:17.155210+00:00 - VS Code running: False
2024-07-28 12:01:17.163432+00:00 - VS Code running: False
2024-07-28 12:02:17.178839+00:00 - VS Code running: False
2024-07-28 12:03:17.213583+00:00 - VS Code running: False
2024-07-28 12:04:17.221405+00:00 - VS Code running: False
2024-07-28 12:05:17.228723+00:00 - VS Code running: False
2024-07-28 12:06:17.236915+00:00 - VS Code running: False
2024-07-28 12:07:17.244161+00:00 - VS Code running: False
2024-07-28 12:08:17.252402+00:00 - VS Code running: False
2024-07-28 12:09:17.260540+00:00 - VS Code running: False
2024-07-28 12:10:17.268283+00:00 - VS Code running: False
2024-07-28 12:11:17.275845+00:00 - VS Code running: False
2024-07-28 12:12:17.281820+00:00 - VS Code running: False
2024-07-28 12:13:17.290044+00:00 - VS Code running: False
2024-07-28 12:14:17.302271+00:00 - VS Code running: False
2024-07-28 12:15:17.310090+00:00 - VS Code running: False
2024-07-28 12:16:17.318928+00:00 - VS Code running: False
2024-07-28 12:17:17.340428+00:00 - VS Code running: False
2024-07-28 12:18:17.348597+00:00 - VS Code running: False
2024-07-28 12:19:17.356345+00:00 - VS Code running: False
2024-07-28 12:20:17.364270+00:00 - VS Code running: False
2024-07-28 12:21:17.371842+00:00 - VS Code running: False
2024-07-28 12:22:17.380540+00:00 - VS Code running: False
2024-07-28 12:23:17.387785+00:00 - VS Code running: False
2024-07-28 12:24:17.395918+00:00 - VS Code running: False
2024-07-28 12:25:17.403922+00:00 - VS Code running: False
2024-07-28 12:26:17.412805+00:00 - VS Code running: False
2024-07-28 12:27:17.420739+00:00 - VS Code running: False
2024-07-28 12:28:17.427838+00:00 - VS Code running: False
2024-07-28 12:29:17.436100+00:00 - VS Code running: False
2024-07-28 12:30:17.443785+00:00 - VS Code running: False
2024-07-28 12:31:17.451610+00:00 - VS Code running: False
2024-07-28 12:32:17.471003+00:00 - VS Code running: False
2024-07-28 12:33:17.479077+00:00 - VS Code running: False
2024-07-28 12:34:17.486985+00:00 - VS Code running: False
2024-07-28 12:35:17.495102+00:00 - VS Code running: False
2024-07-28 12:36:17.503145+00:00 - VS Code running: False
2024-07-28 12:37:17.510148+00:00 - VS Code running: False
2024-07-28 12:38:17.538046+00:00 - VS Code running: False
2024-07-28 12:39:17.545141+00:00 - VS Code running: False
2024-07-28 12:40:17.552730+00:00 - VS Code running: False
2024-07-28 12:41:17.562355+00:00 - VS Code running: False
2024-07-28 12:42:17.569608+00:00 - VS Code running: False
